Commands:
╔════════════════════════════╦════════════════════════════════════════════════════════════════════════════════════╗
║ Command                    ║ Description                                                                        ║
╠════════════════════════════╬════════════════════════════════════════════════════════════════════════════════════╣
║ about                      ║ Informations about this program                                                    ║
╟────────────────────────────╫────────────────────────────────────────────────────────────────────────────────────╢
║ info <link>                ║ Informations about video (metadata and available streams)                          ║
║                            ║                                                                                    ║
║                            ║ Options:                                                                           ║
║                            ║ --video=<id> (show informations about video from playlist with specified id [YP])  ║
╟────────────────────────────╫────────────────────────────────────────────────────────────────────────────────────╢
║ download <link> [options]  ║ Download video                                                                     ║
║                            ║                                                                                    ║
║                            ║ Options:                                                                           ║
║                            ║ --onlyvideo (download only video [YS | YP])                                        ║
║                            ║ --onlyaudio (download only audio [YS | YP])                                        ║
║                            ║ --video=<id> (download video stream with specified id; best if not specified [YS]) ║
║                            ║ --audio=<id> (download audio stream with specified id; best if not specified [YS]) ║
║                            ║ --output_path=<path> (output file path [YS | YP])                                  ║
║                            ║ --filename=<filename> (filename; template [YS | YP])                               ║
║                            ║ --video_ext=<extension> (video file extension [YS | YP])                           ║
║                            ║ --audio_ext=<extension> (audio file extension [YS | YP])                           ║
╟────────────────────────────╫────────────────────────────────────────────────────────────────────────────────────╢
║ settings-get <key>         ║ Return value of the specified key                                                  ║
╟────────────────────────────╫────────────────────────────────────────────────────────────────────────────────────╢
║ settings-set <key> <value> ║ Set value of the specified key                                                     ║
╟────────────────────────────╫────────────────────────────────────────────────────────────────────────────────────╢
║ settings-reset             ║ Restore default settings                                                           ║
╚════════════════════════════╩════════════════════════════════════════════════════════════════════════════════════╝

Key:
[YS] - Single YouTube video
[YP] - Youtube playlist


Settings keys:
╔════════════════════════╦════════════════════════════════════════════════════════════════╗
║ Key                    ║ Description                                                    ║
╠════════════════════════╬════════════════════════════════════════════════════════════════╣
║ filename               ║ Filename template                                              ║
║ output_path            ║ Output file path                                               ║
║ video_ext              ║ Default video file extension                                   ║
║ audio_ext              ║ Default audio file extension                                   ║
║ date_format            ║ Format of publication date in filenames and video informations ║
║ ffmpeg_path            ║ FFmpeg executables path                                        ║
║ check_updates_on_start ║ (0/1) Checking for updates on start                            ║
╚════════════════════════╩════════════════════════════════════════════════════════════════╝


Filename template:
╔════════════╦════════════════════════╗
║  Wildcard  ║       Description      ║
╠════════════╬════════════════════════╣
║ %title%    ║ Video title            ║
║ %author%   ║ Video author           ║
║ %pub_date% ║ Video publication date ║
║ %id%       ║ Video ID               ║
║ %act_date% ║ Actual date            ║
║ %duration% ║ Video duration         ║
║ %views%    ║ Video views            ║
╚════════════╩════════════════════════╝