╔═════════════════════════════════════╦════════════════════════════════════════════════════════════════════════════════╗
║ Command                             ║ Description                                                                    ║
╠═════════════════════════════════════╬════════════════════════════════════════════════════════════════════════════════╣
║ help [options]                      ║ List of commands, settings keys, filename wildcards (commands default)         ║
║                                     ║                                                                                ║
║                                     ║ Options:                                                                       ║
║                                     ║ --settings (informations about settings keys)                                  ║
║                                     ║ --filename (informations about filename wildcards)                             ║
╟─────────────────────────────────────╫────────────────────────────────────────────────────────────────────────────────╢
║ about                               ║ Informations about this program                                                ║
╟─────────────────────────────────────╫────────────────────────────────────────────────────────────────────────────────╢
║ info <link>                         ║ Informations about video (metadata and available streams) or playlist          ║
║                                     ║                                                                                ║
║                                     ║ Options:                                                                       ║
║                                     ║ --video=<id> (informations about video from playlist with specified id [YP])   ║
╟─────────────────────────────────────╫────────────────────────────────────────────────────────────────────────────────╢
║ download <link> [options]           ║ Download video (or playlist)                                                   ║
║                                     ║                                                                                ║
║                                     ║ Options:                                                                       ║
║                                     ║ --option_preset=<name>  (apply options from specified option preset;           ║
║                                     ║                          other specified options overwrite options from preset)║
║                                     ║ --onlyvideo             (download only video [YS | YP])                        ║
║                                     ║ --onlyaudio             (download only audio [YS | YP])                        ║
║                                     ║ --video=<id>            (download video stream with specified id;              ║
║                                     ║                          best if not specified [YS | YP])                      ║
║                                     ║ --audio=<id>            (download audio stream with specified id;              ║
║                                     ║                          best if not specified [YS | YP])                      ║
║                                     ║ --output_path=<path>    (output file path [YS | YP])                           ║
║                                     ║ --filename=<filename>   (filename; template [YS | YP])                         ║
║                                     ║ --video_ext=<extension> (video file extension [YS | YP])                       ║
║                                     ║ --audio_ext=<extension> (audio file extension [YS | YP])                       ║
║                                     ║ --playlist_id=<id>      (download videos from playlist with specified ids;     ║
║                                     ║                          semicolon-separated [YP])                             ║
║                                     ║ Key:                                                                           ║
║                                     ║ [YS] - Single YouTube video                                                    ║
║                                     ║ [YP] - Youtube playlist                                                        ║
╟─────────────────────────────────────╫────────────────────────────────────────────────────────────────────────────────╢
║ option-preset-new <name> <options>  ║ Create new option preset (options are the same as in download)                 ║
╟─────────────────────────────────────╫────────────────────────────────────────────────────────────────────────────────╢
║ option-preset-delete <name>         ║ Delete option preset                                                           ║
╟─────────────────────────────────────╫────────────────────────────────────────────────────────────────────────────────╢
║ option-preset-list                  ║ Return list of option presets                                                  ║
╟─────────────────────────────────────╫────────────────────────────────────────────────────────────────────────────────╢
║ settings-get <key>                  ║ Return value of the specified key                                              ║
╟─────────────────────────────────────╫────────────────────────────────────────────────────────────────────────────────╢
║ settings-set <key> <value>          ║ Set value of the specified key                                                 ║
╟─────────────────────────────────────╫────────────────────────────────────────────────────────────────────────────────╢
║ settings-reset                      ║ Restore default settings                                                       ║
╟─────────────────────────────────────╫────────────────────────────────────────────────────────────────────────────────╢
║ check-updates                       ║ Check if new update is available                                               ║
╚═════════════════════════════════════╩════════════════════════════════════════════════════════════════════════════════╝